[2019-06-21T14:24:33,456][INFO ][logstash.setting.writabledirectory] Creating directory {:setting=>"path.queue", :path=>"/mnt/c/Users/zoldham/Documents/logstash-7.1.1/data/queue"}
[2019-06-21T14:24:33,481][INFO ][logstash.setting.writabledirectory] Creating directory {:setting=>"path.dead_letter_queue", :path=>"/mnt/c/Users/zoldham/Documents/logstash-7.1.1/data/dead_letter_queue"}
[2019-06-21T14:24:34,327][WARN ][logstash.config.source.multilocal] Ignoring the 'pipelines.yml' file because modules or command line options are specified
[2019-06-21T14:24:34,337][INFO ][logstash.runner          ] Starting Logstash {"logstash.version"=>"7.1.1"}
[2019-06-21T14:24:34,369][INFO ][logstash.agent           ] No persistent UUID file found. Generating new UUID {:uuid=>"2c10720a-a5a6-4f26-ab3c-499e878c657d", :path=>"/mnt/c/Users/zoldham/Documents/logstash-7.1.1/data/uuid"}
[2019-06-21T14:24:37,174][INFO ][logstash.javapipeline    ] Starting pipeline {:pipeline_id=>"main", "pipeline.workers"=>4, "pipeline.batch.size"=>125, "pipeline.batch.delay"=>50, "pipeline.max_inflight"=>500, :thread=>"#<Thread:0x28a2d901 run>"}
[2019-06-21T14:24:37,687][INFO ][logstash.javapipeline    ] Pipeline started {"pipeline.id"=>"main"}
[2019-06-21T14:24:37,860][INFO ][logstash.agent           ] Pipelines running {:count=>1, :running_pipelines=>[:main], :non_running_pipelines=>[]}
[2019-06-21T14:24:39,134][INFO ][logstash.agent           ] Successfully started Logstash API endpoint {:port=>9600}
[2019-06-21T14:25:01,198][INFO ][com.datastax.driver.core ] DataStax Java driver 3.6.0 for Apache Cassandra
[2019-06-21T14:25:01,204][INFO ][com.datastax.driver.core.GuavaCompatibility] Detected Guava >= 19 in the classpath, using modern compatibility layer
[2019-06-21T14:25:01,251][INFO ][com.datastax.driver.core.ClockFactory] Using native clock to generate timestamps.
[2019-06-21T14:25:01,369][INFO ][com.datastax.driver.core.NettyUtil] Did not find Netty's native epoll transport in the classpath, defaulting to NIO.
[2019-06-21T14:25:02,480][WARN ][com.datastax.driver.core.ReplicationStrategy$NetworkTopologyStrategy] Error while computing token map for keyspace radiushistory with datacenter datacenter1: could not achieve replication factor 3 (found 2 replicas only), check your keyspace replication settings.
[2019-06-21T14:25:02,568][INFO ][com.datastax.driver.core.policies.DCAwareRoundRobinPolicy] Using data-center name 'datacenter1' for DCAwareRoundRobinPolicy (if this is incorrect, please provide the correct datacenter name with DCAwareRoundRobinPolicy constructor)
[2019-06-21T14:25:02,571][INFO ][com.datastax.driver.core.Cluster] New Cassandra host dev-cassandra.ksg.int/172.30.100.205:9042 added
[2019-06-21T14:25:02,572][INFO ][com.datastax.driver.core.Cluster] New Cassandra host /172.30.100.206:9042 added
[2019-06-21T14:25:02,963][ERROR][logstash.inputs.jdbc     ] Java::ComDatastaxDriverCoreExceptions::SyntaxError: line 0:-1 no viable alternative at input '<EOF>': 
[2019-06-21T14:25:02,986][WARN ][logstash.inputs.jdbc     ] Exception when executing JDBC query {:exception=>#<Sequel::DatabaseError: Java::ComDatastaxDriverCoreExceptions::SyntaxError: line 0:-1 no viable alternative at input '<EOF>'>}
[2019-06-21T14:25:09,490][WARN ][logstash.runner          ] SIGINT received. Shutting down.
[2019-06-21T14:25:10,031][INFO ][logstash.javapipeline    ] Pipeline terminated {"pipeline.id"=>"main"}
[2019-06-21T14:25:10,035][INFO ][logstash.runner          ] Logstash shut down.
